[debug] [2021-11-03T19:45:32.546Z] ----------------------------------------------------------------------
[debug] [2021-11-03T19:45:32.551Z] Command:       C:\Program Files\nodejs\node.exe C:\Users\Rewa\AppData\Roaming\npm\node_modules\firebase-tools\lib\bin\firebase.js init
[debug] [2021-11-03T19:45:32.552Z] CLI Version:   9.21.0
[debug] [2021-11-03T19:45:32.552Z] Platform:      win32
[debug] [2021-11-03T19:45:32.552Z] Node Version:  v14.18.1
[debug] [2021-11-03T19:45:32.553Z] Time:          Wed Nov 03 2021 21:45:32 GMT+0200 (Eastern European Standard Time)
[debug] [2021-11-03T19:45:32.554Z] ----------------------------------------------------------------------
[debug] 
[debug] [2021-11-03T19:45:32.703Z] > command requires scopes: ["email","openid","https://www.googleapis.com/auth/cloudplatformprojects.readonly","https://www.googleapis.com/auth/firebase","https://www.googleapis.com/auth/cloud-platform"]
[debug] [2021-11-03T19:45:32.704Z] > authorizing via signed-in user (rewa.shoujaa@gmail.com)
[info] 
     ######## #### ########  ######## ########     ###     ######  ########
     ##        ##  ##     ## ##       ##     ##  ##   ##  ##       ##
     ######    ##  ########  ######   ########  #########  ######  ######
     ##        ##  ##    ##  ##       ##     ## ##     ##       ## ##
     ##       #### ##     ## ######## ########  ##     ##  ######  ########

You're about to initialize a Firebase project in this directory:

  C:\Users\Rewa\Desktop\Project\googlemaps

Before we get started, keep in mind:

  * You are initializing within an existing Firebase project directory

[info] 
=== Project Setup
[info] 
[info] First, let's associate this project directory with a Firebase project.
[info] You can create multiple project aliases by running firebase use --add, 
[info] but for now we'll just set up a default project.
[info] 
[info] i  .firebaserc already has a default project, using bb-sitter-app. 
[debug] [2021-11-03T19:45:41.940Z] >>> [apiv2][query] GET https://firebase.googleapis.com/v1beta1/projects/bb-sitter-app [none]
[debug] [2021-11-03T19:45:42.590Z] <<< [apiv2][status] GET https://firebase.googleapis.com/v1beta1/projects/bb-sitter-app 200
[debug] [2021-11-03T19:45:42.590Z] <<< [apiv2][body] GET https://firebase.googleapis.com/v1beta1/projects/bb-sitter-app {"projectId":"bb-sitter-app","projectNumber":"1052906398986","displayName":"BB-Sitter-app","name":"projects/bb-sitter-app","resources":{"hostingSite":"bb-sitter-app"},"state":"ACTIVE"}
[info] 
=== Hosting Setup
[info] 
[info] Your public directory is the folder (relative to your project directory) that
[info] will contain Hosting assets to be uploaded with firebase deploy. If you
[info] have a build process for your assets, use your build's output directory.
[info] 
[debug] [2021-11-03T19:45:52.222Z] >>> [apiv2][query] GET https://www.gstatic.com/firebasejs/releases.json [none]
[debug] [2021-11-03T19:45:52.564Z] <<< [apiv2][status] GET https://www.gstatic.com/firebasejs/releases.json 200
[debug] [2021-11-03T19:45:52.564Z] <<< [apiv2][body] GET https://www.gstatic.com/firebasejs/releases.json {"current":{"version":"9.2.0","browserURL":"https://www.gstatic.com/firebasejs/9.2.0/firebase.js","packageURL":"https://www.gstatic.com/firebasejs/9.2.0/firebase.tgz"},"live":{"version":"9.2","browserURL":"https://www.gstatic.com/firebasejs/live/9.2/firebase.js","packageURL":"https://www.gstatic.com/firebasejs/live/9.2/firebase.tgz"},"components":{"analytics":"https://www.gstatic.com/firebasejs/9.2.0/firebase-analytics.js","app":"https://www.gstatic.com/firebasejs/9.2.0/firebase-app.js","app-check":"https://www.gstatic.com/firebasejs/9.2.0/firebase-app-check.js","auth":"https://www.gstatic.com/firebasejs/9.2.0/firebase-auth.js","auth/cordova":"https://www.gstatic.com/firebasejs/9.2.0/firebase-auth/cordova.js","auth/react-native":"https://www.gstatic.com/firebasejs/9.2.0/firebase-auth/react-native.js","functions":"https://www.gstatic.com/firebasejs/9.2.0/firebase-functions.js","firestore":"https://www.gstatic.com/firebasejs/9.2.0/firebase-firestore.js","firestore/lite":"https://www.gstatic.com/firebasejs/9.2.0/firebase-firestore/lite.js","storage":"https://www.gstatic.com/firebasejs/9.2.0/firebase-storage.js","performance":"https://www.gstatic.com/firebasejs/9.2.0/firebase-performance.js","remote-config":"https://www.gstatic.com/firebasejs/9.2.0/firebase-remote-config.js","messaging":"https://www.gstatic.com/firebasejs/9.2.0/firebase-messaging.js","messaging/sw":"https://www.gstatic.com/firebasejs/9.2.0/firebase-messaging/sw.js","database":"https://www.gstatic.com/firebasejs/9.2.0/firebase-database.js","firestore.memory":"https://www.gstatic.com/firebasejs/9.2.0/firebase-firestore.memory.js"}}
[debug] [2021-11-03T19:45:52.921Z] Error: EPERM: operation not permitted, open 'C:\Users\Rewa\Desktop\Project\googlemaps\build\index.html'
    at Object.openSync (fs.js:497:3)
    at Object.writeFileSync (fs.js:1528:35)
    at Object.createFileSync (C:\Users\Rewa\AppData\Roaming\npm\node_modules\firebase-tools\node_modules\fs-extra\lib\ensure\file.js:43:6)
    at Config.writeProjectFile (C:\Users\Rewa\AppData\Roaming\npm\node_modules\firebase-tools\lib\config.js:144:12)
    at C:\Users\Rewa\AppData\Roaming\npm\node_modules\firebase-tools\lib\config.js:162:22
    at processTicksAndRejections (internal/process/task_queues.js:95:5)
[error] 
[error] Error: An unexpected error has occurred.
[debug] [2021-11-03T19:46:15.568Z] ----------------------------------------------------------------------
[debug] [2021-11-03T19:46:15.572Z] Command:       C:\Program Files\nodejs\node.exe C:\Users\Rewa\AppData\Roaming\npm\node_modules\firebase-tools\lib\bin\firebase.js init
[debug] [2021-11-03T19:46:15.572Z] CLI Version:   9.21.0
[debug] [2021-11-03T19:46:15.573Z] Platform:      win32
[debug] [2021-11-03T19:46:15.573Z] Node Version:  v14.18.1
[debug] [2021-11-03T19:46:15.574Z] Time:          Wed Nov 03 2021 21:46:15 GMT+0200 (Eastern European Standard Time)
[debug] [2021-11-03T19:46:15.574Z] ----------------------------------------------------------------------
[debug] 
[debug] [2021-11-03T19:46:15.667Z] > command requires scopes: ["email","openid","https://www.googleapis.com/auth/cloudplatformprojects.readonly","https://www.googleapis.com/auth/firebase","https://www.googleapis.com/auth/cloud-platform"]
[debug] [2021-11-03T19:46:15.667Z] > authorizing via signed-in user (rewa.shoujaa@gmail.com)
[info] 
     ######## #### ########  ######## ########     ###     ######  ########
     ##        ##  ##     ## ##       ##     ##  ##   ##  ##       ##
     ######    ##  ########  ######   ########  #########  ######  ######
     ##        ##  ##    ##  ##       ##     ## ##     ##       ## ##
     ##       #### ##     ## ######## ########  ##     ##  ######  ########

You're about to initialize a Firebase project in this directory:

  C:\Users\Rewa\Desktop\Project\googlemaps

Before we get started, keep in mind:

  * You are initializing within an existing Firebase project directory

[info] 
=== Project Setup
[info] 
[info] First, let's associate this project directory with a Firebase project.
[info] You can create multiple project aliases by running firebase use --add, 
[info] but for now we'll just set up a default project.
[info] 
[info] i  .firebaserc already has a default project, using bb-sitter-app. 
[debug] [2021-11-03T19:46:21.678Z] >>> [apiv2][query] GET https://firebase.googleapis.com/v1beta1/projects/bb-sitter-app [none]
[debug] [2021-11-03T19:46:22.231Z] <<< [apiv2][status] GET https://firebase.googleapis.com/v1beta1/projects/bb-sitter-app 200
[debug] [2021-11-03T19:46:22.231Z] <<< [apiv2][body] GET https://firebase.googleapis.com/v1beta1/projects/bb-sitter-app {"projectId":"bb-sitter-app","projectNumber":"1052906398986","displayName":"BB-Sitter-app","name":"projects/bb-sitter-app","resources":{"hostingSite":"bb-sitter-app"},"state":"ACTIVE"}
[info] 
=== Hosting Setup
[info] 
[info] Your public directory is the folder (relative to your project directory) that
[info] will contain Hosting assets to be uploaded with firebase deploy. If you
[info] have a build process for your assets, use your build's output directory.
[info] 
[info] +  Wrote build/404.html 
[debug] [2021-11-03T19:46:38.307Z] >>> [apiv2][query] GET https://www.gstatic.com/firebasejs/releases.json [none]
[debug] [2021-11-03T19:46:38.609Z] <<< [apiv2][status] GET https://www.gstatic.com/firebasejs/releases.json 200
[debug] [2021-11-03T19:46:38.610Z] <<< [apiv2][body] GET https://www.gstatic.com/firebasejs/releases.json {"current":{"version":"9.2.0","browserURL":"https://www.gstatic.com/firebasejs/9.2.0/firebase.js","packageURL":"https://www.gstatic.com/firebasejs/9.2.0/firebase.tgz"},"live":{"version":"9.2","browserURL":"https://www.gstatic.com/firebasejs/live/9.2/firebase.js","packageURL":"https://www.gstatic.com/firebasejs/live/9.2/firebase.tgz"},"components":{"analytics":"https://www.gstatic.com/firebasejs/9.2.0/firebase-analytics.js","app":"https://www.gstatic.com/firebasejs/9.2.0/firebase-app.js","app-check":"https://www.gstatic.com/firebasejs/9.2.0/firebase-app-check.js","auth":"https://www.gstatic.com/firebasejs/9.2.0/firebase-auth.js","auth/cordova":"https://www.gstatic.com/firebasejs/9.2.0/firebase-auth/cordova.js","auth/react-native":"https://www.gstatic.com/firebasejs/9.2.0/firebase-auth/react-native.js","functions":"https://www.gstatic.com/firebasejs/9.2.0/firebase-functions.js","firestore":"https://www.gstatic.com/firebasejs/9.2.0/firebase-firestore.js","firestore/lite":"https://www.gstatic.com/firebasejs/9.2.0/firebase-firestore/lite.js","storage":"https://www.gstatic.com/firebasejs/9.2.0/firebase-storage.js","performance":"https://www.gstatic.com/firebasejs/9.2.0/firebase-performance.js","remote-config":"https://www.gstatic.com/firebasejs/9.2.0/firebase-remote-config.js","messaging":"https://www.gstatic.com/firebasejs/9.2.0/firebase-messaging.js","messaging/sw":"https://www.gstatic.com/firebasejs/9.2.0/firebase-messaging/sw.js","database":"https://www.gstatic.com/firebasejs/9.2.0/firebase-database.js","firestore.memory":"https://www.gstatic.com/firebasejs/9.2.0/firebase-firestore.memory.js"}}
[debug] [2021-11-03T19:46:38.934Z] Error: EPERM: operation not permitted, open 'C:\Users\Rewa\Desktop\Project\googlemaps\build\index.html'
    at Object.openSync (fs.js:497:3)
    at Object.writeFileSync (fs.js:1528:35)
    at Object.createFileSync (C:\Users\Rewa\AppData\Roaming\npm\node_modules\firebase-tools\node_modules\fs-extra\lib\ensure\file.js:43:6)
    at Config.writeProjectFile (C:\Users\Rewa\AppData\Roaming\npm\node_modules\firebase-tools\lib\config.js:144:12)
    at C:\Users\Rewa\AppData\Roaming\npm\node_modules\firebase-tools\lib\config.js:162:22
    at processTicksAndRejections (internal/process/task_queues.js:95:5)
[error] 
[error] Error: An unexpected error has occurred.
[debug] [2021-11-03T19:46:48.205Z] ----------------------------------------------------------------------
[debug] [2021-11-03T19:46:48.212Z] Command:       C:\Program Files\nodejs\node.exe C:\Users\Rewa\AppData\Roaming\npm\node_modules\firebase-tools\lib\bin\firebase.js init
[debug] [2021-11-03T19:46:48.213Z] CLI Version:   9.21.0
[debug] [2021-11-03T19:46:48.213Z] Platform:      win32
[debug] [2021-11-03T19:46:48.213Z] Node Version:  v14.18.1
[debug] [2021-11-03T19:46:48.215Z] Time:          Wed Nov 03 2021 21:46:48 GMT+0200 (Eastern European Standard Time)
[debug] [2021-11-03T19:46:48.216Z] ----------------------------------------------------------------------
[debug] 
[debug] [2021-11-03T19:46:48.402Z] > command requires scopes: ["email","openid","https://www.googleapis.com/auth/cloudplatformprojects.readonly","https://www.googleapis.com/auth/firebase","https://www.googleapis.com/auth/cloud-platform"]
[debug] [2021-11-03T19:46:48.402Z] > authorizing via signed-in user (rewa.shoujaa@gmail.com)
[info] 
     ######## #### ########  ######## ########     ###     ######  ########
     ##        ##  ##     ## ##       ##     ##  ##   ##  ##       ##
     ######    ##  ########  ######   ########  #########  ######  ######
     ##        ##  ##    ##  ##       ##     ## ##     ##       ## ##
     ##       #### ##     ## ######## ########  ##     ##  ######  ########

You're about to initialize a Firebase project in this directory:

  C:\Users\Rewa\Desktop\Project\googlemaps

Before we get started, keep in mind:

  * You are initializing within an existing Firebase project directory

[info] 
=== Project Setup
[info] 
[info] First, let's associate this project directory with a Firebase project.
[info] You can create multiple project aliases by running firebase use --add, 
[info] but for now we'll just set up a default project.
[info] 
[info] i  .firebaserc already has a default project, using bb-sitter-app. 
[debug] [2021-11-03T19:46:54.756Z] >>> [apiv2][query] GET https://firebase.googleapis.com/v1beta1/projects/bb-sitter-app [none]
[debug] [2021-11-03T19:46:55.391Z] <<< [apiv2][status] GET https://firebase.googleapis.com/v1beta1/projects/bb-sitter-app 200
[debug] [2021-11-03T19:46:55.392Z] <<< [apiv2][body] GET https://firebase.googleapis.com/v1beta1/projects/bb-sitter-app {"projectId":"bb-sitter-app","projectNumber":"1052906398986","displayName":"BB-Sitter-app","name":"projects/bb-sitter-app","resources":{"hostingSite":"bb-sitter-app"},"state":"ACTIVE"}
[info] 
=== Hosting Setup
[info] 
[info] Your public directory is the folder (relative to your project directory) that
[info] will contain Hosting assets to be uploaded with firebase deploy. If you
[info] have a build process for your assets, use your build's output directory.
[info] 
[debug] [2021-11-03T19:47:09.963Z] ----------------------------------------------------------------------
[debug] [2021-11-03T19:47:09.970Z] Command:       C:\Program Files\nodejs\node.exe C:\Users\Rewa\AppData\Roaming\npm\node_modules\firebase-tools\lib\bin\firebase.js init
[debug] [2021-11-03T19:47:09.971Z] CLI Version:   9.21.0
[debug] [2021-11-03T19:47:09.972Z] Platform:      win32
[debug] [2021-11-03T19:47:09.972Z] Node Version:  v14.18.1
[debug] [2021-11-03T19:47:09.973Z] Time:          Wed Nov 03 2021 21:47:09 GMT+0200 (Eastern European Standard Time)
[debug] [2021-11-03T19:47:09.974Z] ----------------------------------------------------------------------
[debug] 
[debug] [2021-11-03T19:47:10.139Z] > command requires scopes: ["email","openid","https://www.googleapis.com/auth/cloudplatformprojects.readonly","https://www.googleapis.com/auth/firebase","https://www.googleapis.com/auth/cloud-platform"]
[debug] [2021-11-03T19:47:10.139Z] > authorizing via signed-in user (rewa.shoujaa@gmail.com)
[info] 
     ######## #### ########  ######## ########     ###     ######  ########
     ##        ##  ##     ## ##       ##     ##  ##   ##  ##       ##
     ######    ##  ########  ######   ########  #########  ######  ######
     ##        ##  ##    ##  ##       ##     ## ##     ##       ## ##
     ##       #### ##     ## ######## ########  ##     ##  ######  ########

You're about to initialize a Firebase project in this directory:

  C:\Users\Rewa\Desktop\Project\googlemaps

Before we get started, keep in mind:

  * You are initializing within an existing Firebase project directory

[info] 
=== Project Setup
[info] 
[info] First, let's associate this project directory with a Firebase project.
[info] You can create multiple project aliases by running firebase use --add, 
[info] but for now we'll just set up a default project.
[info] 
[info] i  .firebaserc already has a default project, using bb-sitter-app. 
[debug] [2021-11-03T19:47:17.913Z] >>> [apiv2][query] GET https://firebase.googleapis.com/v1beta1/projects/bb-sitter-app [none]
[debug] [2021-11-03T19:47:18.528Z] <<< [apiv2][status] GET https://firebase.googleapis.com/v1beta1/projects/bb-sitter-app 200
[debug] [2021-11-03T19:47:18.528Z] <<< [apiv2][body] GET https://firebase.googleapis.com/v1beta1/projects/bb-sitter-app {"projectId":"bb-sitter-app","projectNumber":"1052906398986","displayName":"BB-Sitter-app","name":"projects/bb-sitter-app","resources":{"hostingSite":"bb-sitter-app"},"state":"ACTIVE"}
[info] 
=== Hosting Setup
[info] 
[info] Your public directory is the folder (relative to your project directory) that
[info] will contain Hosting assets to be uploaded with firebase deploy. If you
[info] have a build process for your assets, use your build's output directory.
[info] 
[debug] [2021-11-03T19:47:37.150Z] >>> [apiv2][query] GET https://www.gstatic.com/firebasejs/releases.json [none]
[debug] [2021-11-03T19:47:37.450Z] <<< [apiv2][status] GET https://www.gstatic.com/firebasejs/releases.json 200
[debug] [2021-11-03T19:47:37.450Z] <<< [apiv2][body] GET https://www.gstatic.com/firebasejs/releases.json {"current":{"version":"9.2.0","browserURL":"https://www.gstatic.com/firebasejs/9.2.0/firebase.js","packageURL":"https://www.gstatic.com/firebasejs/9.2.0/firebase.tgz"},"live":{"version":"9.2","browserURL":"https://www.gstatic.com/firebasejs/live/9.2/firebase.js","packageURL":"https://www.gstatic.com/firebasejs/live/9.2/firebase.tgz"},"components":{"analytics":"https://www.gstatic.com/firebasejs/9.2.0/firebase-analytics.js","app":"https://www.gstatic.com/firebasejs/9.2.0/firebase-app.js","app-check":"https://www.gstatic.com/firebasejs/9.2.0/firebase-app-check.js","auth":"https://www.gstatic.com/firebasejs/9.2.0/firebase-auth.js","auth/cordova":"https://www.gstatic.com/firebasejs/9.2.0/firebase-auth/cordova.js","auth/react-native":"https://www.gstatic.com/firebasejs/9.2.0/firebase-auth/react-native.js","functions":"https://www.gstatic.com/firebasejs/9.2.0/firebase-functions.js","firestore":"https://www.gstatic.com/firebasejs/9.2.0/firebase-firestore.js","firestore/lite":"https://www.gstatic.com/firebasejs/9.2.0/firebase-firestore/lite.js","storage":"https://www.gstatic.com/firebasejs/9.2.0/firebase-storage.js","performance":"https://www.gstatic.com/firebasejs/9.2.0/firebase-performance.js","remote-config":"https://www.gstatic.com/firebasejs/9.2.0/firebase-remote-config.js","messaging":"https://www.gstatic.com/firebasejs/9.2.0/firebase-messaging.js","messaging/sw":"https://www.gstatic.com/firebasejs/9.2.0/firebase-messaging/sw.js","database":"https://www.gstatic.com/firebasejs/9.2.0/firebase-database.js","firestore.memory":"https://www.gstatic.com/firebasejs/9.2.0/firebase-firestore.memory.js"}}
[debug] [2021-11-03T19:47:37.772Z] Error: EPERM: operation not permitted, open 'C:\Users\Rewa\Desktop\Project\googlemaps\build\index.html'
    at Object.openSync (fs.js:497:3)
    at Object.writeFileSync (fs.js:1528:35)
    at Object.createFileSync (C:\Users\Rewa\AppData\Roaming\npm\node_modules\firebase-tools\node_modules\fs-extra\lib\ensure\file.js:43:6)
    at Config.writeProjectFile (C:\Users\Rewa\AppData\Roaming\npm\node_modules\firebase-tools\lib\config.js:144:12)
    at C:\Users\Rewa\AppData\Roaming\npm\node_modules\firebase-tools\lib\config.js:162:22
    at processTicksAndRejections (internal/process/task_queues.js:95:5)
[error] 
[error] Error: An unexpected error has occurred.
[debug] [2021-11-03T19:48:49.755Z] ----------------------------------------------------------------------
[debug] [2021-11-03T19:48:49.759Z] Command:       C:\Program Files\nodejs\node.exe C:\Users\Rewa\AppData\Roaming\npm\node_modules\firebase-tools\lib\bin\firebase.js init
[debug] [2021-11-03T19:48:49.759Z] CLI Version:   9.21.0
[debug] [2021-11-03T19:48:49.760Z] Platform:      win32
[debug] [2021-11-03T19:48:49.760Z] Node Version:  v14.18.1
[debug] [2021-11-03T19:48:49.760Z] Time:          Wed Nov 03 2021 21:48:49 GMT+0200 (Eastern European Standard Time)
[debug] [2021-11-03T19:48:49.761Z] ----------------------------------------------------------------------
[debug] 
[debug] [2021-11-03T19:48:49.846Z] > command requires scopes: ["email","openid","https://www.googleapis.com/auth/cloudplatformprojects.readonly","https://www.googleapis.com/auth/firebase","https://www.googleapis.com/auth/cloud-platform"]
[debug] [2021-11-03T19:48:49.847Z] > authorizing via signed-in user (rewa.shoujaa@gmail.com)
[info] 
     ######## #### ########  ######## ########     ###     ######  ########
     ##        ##  ##     ## ##       ##     ##  ##   ##  ##       ##
     ######    ##  ########  ######   ########  #########  ######  ######
     ##        ##  ##    ##  ##       ##     ## ##     ##       ## ##
     ##       #### ##     ## ######## ########  ##     ##  ######  ########

You're about to initialize a Firebase project in this directory:

  C:\Users\Rewa\Desktop\Project\googlemaps

Before we get started, keep in mind:

  * You are initializing within an existing Firebase project directory

[info] 
=== Project Setup
[info] 
[info] First, let's associate this project directory with a Firebase project.
[info] You can create multiple project aliases by running firebase use --add, 
[info] but for now we'll just set up a default project.
[info] 
[info] i  .firebaserc already has a default project, using bb-sitter-app. 
[debug] [2021-11-03T19:48:57.813Z] >>> [apiv2][query] GET https://firebase.googleapis.com/v1beta1/projects/bb-sitter-app [none]
[debug] [2021-11-03T19:48:58.474Z] <<< [apiv2][status] GET https://firebase.googleapis.com/v1beta1/projects/bb-sitter-app 200
[debug] [2021-11-03T19:48:58.474Z] <<< [apiv2][body] GET https://firebase.googleapis.com/v1beta1/projects/bb-sitter-app {"projectId":"bb-sitter-app","projectNumber":"1052906398986","displayName":"BB-Sitter-app","name":"projects/bb-sitter-app","resources":{"hostingSite":"bb-sitter-app"},"state":"ACTIVE"}
[info] 
=== Hosting Setup
[info] 
[info] Your public directory is the folder (relative to your project directory) that
[info] will contain Hosting assets to be uploaded with firebase deploy. If you
[info] have a build process for your assets, use your build's output directory.
[info] 
[debug] [2021-11-03T19:49:05.337Z] >>> [apiv2][query] GET https://www.gstatic.com/firebasejs/releases.json [none]
[debug] [2021-11-03T19:49:05.651Z] <<< [apiv2][status] GET https://www.gstatic.com/firebasejs/releases.json 200
[debug] [2021-11-03T19:49:05.651Z] <<< [apiv2][body] GET https://www.gstatic.com/firebasejs/releases.json {"current":{"version":"9.2.0","browserURL":"https://www.gstatic.com/firebasejs/9.2.0/firebase.js","packageURL":"https://www.gstatic.com/firebasejs/9.2.0/firebase.tgz"},"live":{"version":"9.2","browserURL":"https://www.gstatic.com/firebasejs/live/9.2/firebase.js","packageURL":"https://www.gstatic.com/firebasejs/live/9.2/firebase.tgz"},"components":{"analytics":"https://www.gstatic.com/firebasejs/9.2.0/firebase-analytics.js","app":"https://www.gstatic.com/firebasejs/9.2.0/firebase-app.js","app-check":"https://www.gstatic.com/firebasejs/9.2.0/firebase-app-check.js","auth":"https://www.gstatic.com/firebasejs/9.2.0/firebase-auth.js","auth/cordova":"https://www.gstatic.com/firebasejs/9.2.0/firebase-auth/cordova.js","auth/react-native":"https://www.gstatic.com/firebasejs/9.2.0/firebase-auth/react-native.js","functions":"https://www.gstatic.com/firebasejs/9.2.0/firebase-functions.js","firestore":"https://www.gstatic.com/firebasejs/9.2.0/firebase-firestore.js","firestore/lite":"https://www.gstatic.com/firebasejs/9.2.0/firebase-firestore/lite.js","storage":"https://www.gstatic.com/firebasejs/9.2.0/firebase-storage.js","performance":"https://www.gstatic.com/firebasejs/9.2.0/firebase-performance.js","remote-config":"https://www.gstatic.com/firebasejs/9.2.0/firebase-remote-config.js","messaging":"https://www.gstatic.com/firebasejs/9.2.0/firebase-messaging.js","messaging/sw":"https://www.gstatic.com/firebasejs/9.2.0/firebase-messaging/sw.js","database":"https://www.gstatic.com/firebasejs/9.2.0/firebase-database.js","firestore.memory":"https://www.gstatic.com/firebasejs/9.2.0/firebase-firestore.memory.js"}}
[debug] [2021-11-03T19:49:05.974Z] Error: EPERM: operation not permitted, open 'C:\Users\Rewa\Desktop\Project\googlemaps\build\index.html'
    at Object.openSync (fs.js:497:3)
    at Object.writeFileSync (fs.js:1528:35)
    at Object.createFileSync (C:\Users\Rewa\AppData\Roaming\npm\node_modules\firebase-tools\node_modules\fs-extra\lib\ensure\file.js:43:6)
    at Config.writeProjectFile (C:\Users\Rewa\AppData\Roaming\npm\node_modules\firebase-tools\lib\config.js:144:12)
    at C:\Users\Rewa\AppData\Roaming\npm\node_modules\firebase-tools\lib\config.js:162:22
    at processTicksAndRejections (internal/process/task_queues.js:95:5)
[error] 
[error] Error: An unexpected error has occurred.
